{"/Users/muhammaddanialiqbal/Documents/blueeast/plugins-ad/plugin-native-web-swiper/src/index.tsx": {"path":"/Users/muhammaddanialiqbal/Documents/blueeast/plugins-ad/plugin-native-web-swiper/src/index.tsx","statementMap":{"0":{"start":{"line":1,"column":0},"end":{"line":1,"column":null}},"1":{"start":{"line":2,"column":0},"end":{"line":2,"column":null}},"2":{"start":{"line":4,"column":0},"end":{"line":4,"column":15}}},"fnMap":{},"branchMap":{},"s":{"0":1,"1":1,"2":1},"f":{},"b":{}}
,"/Users/muhammaddanialiqbal/Documents/blueeast/plugins-ad/plugin-native-web-swiper/src/components/plugin-native-web-swiper/index.tsx": {"path":"/Users/muhammaddanialiqbal/Documents/blueeast/plugins-ad/plugin-native-web-swiper/src/components/plugin-native-web-swiper/index.tsx","statementMap":{"0":{"start":{"line":1,"column":0},"end":{"line":1,"column":null}},"1":{"start":{"line":2,"column":0},"end":{"line":2,"column":15}}},"fnMap":{},"branchMap":{},"s":{"0":1,"1":1},"f":{},"b":{}}
,"/Users/muhammaddanialiqbal/Documents/blueeast/plugins-ad/plugin-native-web-swiper/src/components/plugin-native-web-swiper/plugin-native-web-swiper.tsx": {"path":"/Users/muhammaddanialiqbal/Documents/blueeast/plugins-ad/plugin-native-web-swiper/src/components/plugin-native-web-swiper/plugin-native-web-swiper.tsx","statementMap":{"0":{"start":{"line":1,"column":0},"end":{"line":1,"column":null}},"1":{"start":{"line":11,"column":0},"end":{"line":11,"column":null}},"2":{"start":{"line":69,"column":25},"end":{"line":69,"column":null}},"3":{"start":{"line":70,"column":2},"end":{"line":70,"column":8}},"4":{"start":{"line":108,"column":1},"end":{"line":108,"column":21}},"5":{"start":{"line":109,"column":2},"end":{"line":109,"column":10}},"6":{"start":{"line":71,"column":2},"end":{"line":71,"column":7}},"7":{"start":{"line":77,"column":2},"end":{"line":77,"column":7}},"8":{"start":{"line":78,"column":2},"end":{"line":78,"column":7}},"9":{"start":{"line":79,"column":2},"end":{"line":79,"column":7}},"10":{"start":{"line":81,"column":4},"end":{"line":83,"column":null}},"11":{"start":{"line":82,"column":5},"end":{"line":82,"column":10}},"12":{"start":{"line":84,"column":18},"end":{"line":84,"column":null}},"13":{"start":{"line":85,"column":4},"end":{"line":85,"column":null}},"14":{"start":{"line":85,"column":17},"end":{"line":85,"column":22}},"15":{"start":{"line":86,"column":4},"end":{"line":86,"column":11}},"16":{"start":{"line":89,"column":24},"end":{"line":89,"column":25}},"17":{"start":{"line":94,"column":23},"end":{"line":94,"column":null}},"18":{"start":{"line":95,"column":4},"end":{"line":95,"column":9}},"19":{"start":{"line":96,"column":4},"end":{"line":102,"column":null}},"20":{"start":{"line":97,"column":5},"end":{"line":97,"column":12}},"21":{"start":{"line":98,"column":6},"end":{"line":100,"column":null}},"22":{"start":{"line":99,"column":7},"end":{"line":99,"column":12}},"23":{"start":{"line":103,"column":4},"end":{"line":103,"column":9}},"24":{"start":{"line":105,"column":37},"end":{"line":105,"column":43}},"25":{"start":{"line":111,"column":18},"end":{"line":111,"column":null}},"26":{"start":{"line":112,"column":2},"end":{"line":112,"column":7}},"27":{"start":{"line":112,"column":31},"end":{"line":112,"column":32}},"28":{"start":{"line":113,"column":2},"end":{"line":113,"column":7}},"29":{"start":{"line":113,"column":31},"end":{"line":113,"column":32}},"30":{"start":{"line":114,"column":2},"end":{"line":114,"column":7}},"31":{"start":{"line":117,"column":2},"end":{"line":117,"column":7}},"32":{"start":{"line":118,"column":2},"end":{"line":118,"column":7}},"33":{"start":{"line":119,"column":2},"end":{"line":119,"column":7}},"34":{"start":{"line":121,"column":14},"end":{"line":121,"column":null}},"35":{"start":{"line":122,"column":2},"end":{"line":122,"column":7}},"36":{"start":{"line":123,"column":2},"end":{"line":127,"column":null}},"37":{"start":{"line":124,"column":3},"end":{"line":124,"column":8}},"38":{"start":{"line":125,"column":4},"end":{"line":125,"column":8}},"39":{"start":{"line":130,"column":2},"end":{"line":132,"column":null}},"40":{"start":{"line":131,"column":3},"end":{"line":131,"column":15}},"41":{"start":{"line":134,"column":33},"end":{"line":134,"column":32}},"42":{"start":{"line":135,"column":2},"end":{"line":135,"column":7}},"43":{"start":{"line":136,"column":2},"end":{"line":138,"column":null}},"44":{"start":{"line":137,"column":3},"end":{"line":137,"column":8}},"45":{"start":{"line":139,"column":2},"end":{"line":139,"column":7}},"46":{"start":{"line":142,"column":2},"end":{"line":142,"column":7}},"47":{"start":{"line":143,"column":2},"end":{"line":143,"column":7}},"48":{"start":{"line":144,"column":2},"end":{"line":144,"column":7}},"49":{"start":{"line":145,"column":2},"end":{"line":145,"column":7}},"50":{"start":{"line":147,"column":31},"end":{"line":147,"column":null}},"51":{"start":{"line":147,"column":31},"end":{"line":147,"column":30}},"52":{"start":{"line":148,"column":15},"end":{"line":148,"column":17}},"53":{"start":{"line":149,"column":21},"end":{"line":149,"column":null}},"54":{"start":{"line":150,"column":18},"end":{"line":150,"column":null}},"55":{"start":{"line":151,"column":2},"end":{"line":157,"column":null}},"56":{"start":{"line":152,"column":3},"end":{"line":152,"column":14}},"57":{"start":{"line":153,"column":3},"end":{"line":153,"column":12}},"58":{"start":{"line":154,"column":9},"end":{"line":157,"column":null}},"59":{"start":{"line":155,"column":3},"end":{"line":155,"column":14}},"60":{"start":{"line":156,"column":3},"end":{"line":156,"column":12}},"61":{"start":{"line":158,"column":2},"end":{"line":164,"column":null}},"62":{"start":{"line":159,"column":3},"end":{"line":159,"column":10}},"63":{"start":{"line":160,"column":4},"end":{"line":162,"column":null}},"64":{"start":{"line":161,"column":5},"end":{"line":161,"column":9}},"65":{"start":{"line":165,"column":2},"end":{"line":165,"column":7}},"66":{"start":{"line":166,"column":16},"end":{"line":166,"column":null}},"67":{"start":{"line":167,"column":2},"end":{"line":167,"column":7}},"68":{"start":{"line":168,"column":2},"end":{"line":173,"column":null}},"69":{"start":{"line":169,"column":3},"end":{"line":169,"column":7}},"70":{"start":{"line":172,"column":3},"end":{"line":172,"column":7}},"71":{"start":{"line":174,"column":2},"end":{"line":174,"column":11}},"72":{"start":{"line":175,"column":3},"end":{"line":177,"column":null}},"73":{"start":{"line":176,"column":4},"end":{"line":176,"column":8}},"74":{"start":{"line":179,"column":2},"end":{"line":179,"column":7}},"75":{"start":{"line":180,"column":2},"end":{"line":182,"column":null}},"76":{"start":{"line":181,"column":3},"end":{"line":181,"column":8}},"77":{"start":{"line":184,"column":21},"end":{"line":184,"column":null}},"78":{"start":{"line":185,"column":28},"end":{"line":185,"column":null}},"79":{"start":{"line":184,"column":21},"end":{"line":185,"column":17}},"80":{"start":{"line":184,"column":21},"end":{"line":185,"column":28}},"81":{"start":{"line":186,"column":2},"end":{"line":186,"column":7}},"82":{"start":{"line":186,"column":35},"end":{"line":186,"column":41}},"83":{"start":{"line":188,"column":7},"end":{"line":188,"column":null}},"84":{"start":{"line":189,"column":46},"end":{"line":189,"column":null}},"85":{"start":{"line":188,"column":7},"end":{"line":189,"column":15}},"86":{"start":{"line":188,"column":7},"end":{"line":189,"column":22}},"87":{"start":{"line":188,"column":7},"end":{"line":189,"column":30}},"88":{"start":{"line":188,"column":7},"end":{"line":189,"column":46}},"89":{"start":{"line":211,"column":6},"end":{"line":211,"column":null}},"90":{"start":{"line":188,"column":7},"end":{"line":191,"column":null}},"91":{"start":{"line":188,"column":7},"end":{"line":192,"column":null}},"92":{"start":{"line":188,"column":7},"end":{"line":193,"column":null}},"93":{"start":{"line":188,"column":7},"end":{"line":194,"column":null}},"94":{"start":{"line":188,"column":7},"end":{"line":195,"column":null}},"95":{"start":{"line":188,"column":7},"end":{"line":196,"column":null}},"96":{"start":{"line":188,"column":7},"end":{"line":197,"column":null}},"97":{"start":{"line":188,"column":7},"end":{"line":198,"column":null}},"98":{"start":{"line":188,"column":7},"end":{"line":199,"column":null}},"99":{"start":{"line":188,"column":7},"end":{"line":200,"column":null}},"100":{"start":{"line":188,"column":7},"end":{"line":201,"column":null}},"101":{"start":{"line":188,"column":7},"end":{"line":202,"column":null}},"102":{"start":{"line":188,"column":7},"end":{"line":203,"column":null}},"103":{"start":{"line":188,"column":7},"end":{"line":204,"column":null}},"104":{"start":{"line":188,"column":7},"end":{"line":205,"column":null}},"105":{"start":{"line":188,"column":7},"end":{"line":206,"column":null}},"106":{"start":{"line":188,"column":7},"end":{"line":207,"column":null}},"107":{"start":{"line":188,"column":7},"end":{"line":208,"column":null}},"108":{"start":{"line":188,"column":7},"end":{"line":209,"column":null}},"109":{"start":{"line":188,"column":7},"end":{"line":210,"column":null}},"110":{"start":{"line":212,"column":2},"end":{"line":214,"column":null}},"111":{"start":{"line":213,"column":3},"end":{"line":213,"column":11}},"112":{"start":{"line":215,"column":34},"end":{"line":215,"column":null}},"113":{"start":{"line":216,"column":21},"end":{"line":188,"column":6}},"114":{"start":{"line":217,"column":2},"end":{"line":219,"column":null}},"115":{"start":{"line":218,"column":3},"end":{"line":218,"column":11}},"116":{"start":{"line":220,"column":2},"end":{"line":220,"column":7}},"117":{"start":{"line":221,"column":2},"end":{"line":221,"column":null}},"118":{"start":{"line":237,"column":21},"end":{"line":237,"column":22}},"119":{"start":{"line":250,"column":21},"end":{"line":250,"column":22}},"120":{"start":{"line":264,"column":20},"end":{"line":264,"column":21}},"121":{"start":{"line":270,"column":67},"end":{"line":270,"column":73}},"122":{"start":{"line":275,"column":21},"end":{"line":275,"column":22}},"123":{"start":{"line":284,"column":84},"end":{"line":284,"column":90}},"124":{"start":{"line":50,"column":8},"end":{"line":50,"column":23}},"125":{"start":{"line":49,"column":0},"end":{"line":49,"column":21}},"126":{"start":{"line":294,"column":15},"end":{"line":294,"column":26}}},"fnMap":{"0":{"name":"Swiper","decl":{"start":{"line":69,"column":1},"end":{"line":69,"column":13}},"loc":{"start":{"line":69,"column":25},"end":{"line":107,"column":null}}},"1":{"name":"(anonymous_2)","decl":{"start":{"line":108,"column":21},"end":{"line":108,"column":22}},"loc":{"start":{"line":108,"column":38},"end":{"line":110,"column":null}}},"2":{"name":"onMoveShouldSetPanResponderCapture","decl":{"start":{"line":80,"column":39},"end":{"line":80,"column":40}},"loc":{"start":{"line":80,"column":60},"end":{"line":87,"column":null}}},"3":{"name":"onPanResponderGrant","decl":{"start":{"line":89,"column":24},"end":{"line":89,"column":25}},"loc":{"start":{"line":89,"column":24},"end":{"line":89,"column":25}}},"4":{"name":"onPanResponderRelease","decl":{"start":{"line":93,"column":26},"end":{"line":93,"column":27}},"loc":{"start":{"line":93,"column":42},"end":{"line":104,"column":null}}},"5":{"name":"(anonymous_6)","decl":{"start":{"line":97,"column":79},"end":{"line":97,"column":84}},"loc":{"start":{"line":97,"column":84},"end":{"line":101,"column":null}}},"6":{"name":"onPanResponderTerminationRequest","decl":{"start":{"line":105,"column":37},"end":{"line":105,"column":43}},"loc":{"start":{"line":105,"column":37},"end":{"line":105,"column":43}}},"7":{"name":"(anonymous_9)","decl":{"start":{"line":112,"column":31},"end":{"line":112,"column":32}},"loc":{"start":{"line":112,"column":31},"end":{"line":112,"column":32}}},"8":{"name":"(anonymous_10)","decl":{"start":{"line":113,"column":31},"end":{"line":113,"column":32}},"loc":{"start":{"line":113,"column":31},"end":{"line":113,"column":32}}},"9":{"name":"(anonymous_13)","decl":{"start":{"line":124,"column":30},"end":{"line":124,"column":35}},"loc":{"start":{"line":124,"column":35},"end":{"line":126,"column":6}}},"10":{"name":"(anonymous_18)","decl":{"start":{"line":159,"column":67},"end":{"line":159,"column":72}},"loc":{"start":{"line":159,"column":72},"end":{"line":163,"column":null}}},"11":{"name":"(anonymous_19)","decl":{"start":{"line":174,"column":59},"end":{"line":174,"column":64}},"loc":{"start":{"line":174,"column":64},"end":{"line":178,"column":null}}},"12":{"name":"(anonymous_21)","decl":{"start":{"line":186,"column":35},"end":{"line":186,"column":41}},"loc":{"start":{"line":186,"column":35},"end":{"line":186,"column":41}}},"13":{"name":"(anonymous_23)","decl":{"start":{"line":237,"column":21},"end":{"line":237,"column":22}},"loc":{"start":{"line":237,"column":21},"end":{"line":237,"column":22}}},"14":{"name":"(anonymous_24)","decl":{"start":{"line":250,"column":21},"end":{"line":250,"column":22}},"loc":{"start":{"line":250,"column":21},"end":{"line":250,"column":22}}},"15":{"name":"(anonymous_25)","decl":{"start":{"line":264,"column":20},"end":{"line":264,"column":21}},"loc":{"start":{"line":264,"column":20},"end":{"line":264,"column":21}}},"16":{"name":"onPress","decl":{"start":{"line":270,"column":67},"end":{"line":270,"column":73}},"loc":{"start":{"line":270,"column":67},"end":{"line":270,"column":73}}},"17":{"name":"(anonymous_27)","decl":{"start":{"line":275,"column":21},"end":{"line":275,"column":22}},"loc":{"start":{"line":275,"column":21},"end":{"line":275,"column":22}}},"18":{"name":"onPress","decl":{"start":{"line":284,"column":84},"end":{"line":284,"column":90}},"loc":{"start":{"line":284,"column":84},"end":{"line":284,"column":90}}}},"branchMap":{"0":{"loc":{"start":{"line":109,"column":39},"end":{"line":109,"column":58}},"type":"cond-expr","locations":[{"start":{"line":109,"column":39},"end":{"line":109,"column":58}},{"start":{"line":109,"column":58},"end":{"line":109,"column":79}}]},"1":{"loc":{"start":{"line":81,"column":4},"end":{"line":83,"column":null}},"type":"if","locations":[{"start":{"line":81,"column":4},"end":{"line":83,"column":null}},{"start":{"line":81,"column":4},"end":{"line":83,"column":null}}]},"2":{"loc":{"start":{"line":84,"column":60},"end":{"line":84,"column":78}},"type":"cond-expr","locations":[{"start":{"line":84,"column":60},"end":{"line":84,"column":78}},{"start":{"line":84,"column":78},"end":{"line":84,"column":97}}]},"3":{"loc":{"start":{"line":85,"column":4},"end":{"line":85,"column":null}},"type":"if","locations":[{"start":{"line":85,"column":4},"end":{"line":85,"column":null}},{"start":{"line":85,"column":4},"end":{"line":85,"column":null}}]},"4":{"loc":{"start":{"line":91,"column":43},"end":{"line":91,"column":45}},"type":"cond-expr","locations":[{"start":{"line":91,"column":43},"end":{"line":91,"column":45}},{"start":{"line":91,"column":70},"end":{"line":91,"column":72}}]},"5":{"loc":{"start":{"line":94,"column":56},"end":{"line":94,"column":85}},"type":"cond-expr","locations":[{"start":{"line":94,"column":56},"end":{"line":94,"column":85}},{"start":{"line":94,"column":85},"end":{"line":94,"column":null}}]},"6":{"loc":{"start":{"line":96,"column":4},"end":{"line":102,"column":null}},"type":"if","locations":[{"start":{"line":96,"column":4},"end":{"line":102,"column":null}},{"start":{"line":96,"column":4},"end":{"line":102,"column":null}}]},"7":{"loc":{"start":{"line":98,"column":6},"end":{"line":100,"column":null}},"type":"if","locations":[{"start":{"line":98,"column":6},"end":{"line":100,"column":null}},{"start":{"line":98,"column":6},"end":{"line":100,"column":null}}]},"8":{"loc":{"start":{"line":103,"column":39},"end":{"line":103,"column":44}},"type":"cond-expr","locations":[{"start":{"line":103,"column":39},"end":{"line":103,"column":44}},{"start":{"line":103,"column":44},"end":{"line":103,"column":null}}]},"9":{"loc":{"start":{"line":123,"column":2},"end":{"line":127,"column":null}},"type":"if","locations":[{"start":{"line":123,"column":2},"end":{"line":127,"column":null}},{"start":{"line":123,"column":2},"end":{"line":127,"column":null}}]},"10":{"loc":{"start":{"line":130,"column":2},"end":{"line":132,"column":null}},"type":"if","locations":[{"start":{"line":130,"column":2},"end":{"line":132,"column":null}},{"start":{"line":130,"column":2},"end":{"line":132,"column":null}}]},"11":{"loc":{"start":{"line":134,"column":33},"end":{"line":134,"column":null}},"type":"cond-expr","locations":[{"start":{"line":134,"column":33},"end":{"line":134,"column":null}},{"start":{"line":134,"column":28},"end":{"line":134,"column":33}}]},"12":{"loc":{"start":{"line":134,"column":33},"end":{"line":134,"column":null}},"type":"binary-expr","locations":[{"start":{"line":134,"column":33},"end":{"line":134,"column":null}},{"start":{"line":134,"column":33},"end":{"line":134,"column":null}}]},"13":{"loc":{"start":{"line":136,"column":2},"end":{"line":138,"column":null}},"type":"if","locations":[{"start":{"line":136,"column":2},"end":{"line":138,"column":null}},{"start":{"line":136,"column":2},"end":{"line":138,"column":null}}]},"14":{"loc":{"start":{"line":139,"column":27},"end":{"line":139,"column":32}},"type":"cond-expr","locations":[{"start":{"line":139,"column":27},"end":{"line":139,"column":32}},{"start":{"line":139,"column":32},"end":{"line":139,"column":null}}]},"15":{"loc":{"start":{"line":142,"column":58},"end":{"line":142,"column":107}},"type":"cond-expr","locations":[{"start":{"line":142,"column":58},"end":{"line":142,"column":107}},{"start":{"line":142,"column":107},"end":{"line":142,"column":null}}]},"16":{"loc":{"start":{"line":143,"column":58},"end":{"line":143,"column":62}},"type":"cond-expr","locations":[{"start":{"line":143,"column":58},"end":{"line":143,"column":62}},{"start":{"line":143,"column":62},"end":{"line":143,"column":null}}]},"17":{"loc":{"start":{"line":147,"column":31},"end":{"line":147,"column":null}},"type":"cond-expr","locations":[{"start":{"line":147,"column":31},"end":{"line":147,"column":null}},{"start":{"line":147,"column":30},"end":{"line":147,"column":31}}]},"18":{"loc":{"start":{"line":147,"column":31},"end":{"line":147,"column":null}},"type":"binary-expr","locations":[{"start":{"line":147,"column":31},"end":{"line":147,"column":null}},{"start":{"line":147,"column":31},"end":{"line":147,"column":null}}]},"19":{"loc":{"start":{"line":151,"column":2},"end":{"line":157,"column":null}},"type":"if","locations":[{"start":{"line":151,"column":2},"end":{"line":157,"column":null}},{"start":{"line":151,"column":2},"end":{"line":157,"column":null}}]},"20":{"loc":{"start":{"line":151,"column":6},"end":{"line":151,"column":37}},"type":"binary-expr","locations":[{"start":{"line":151,"column":6},"end":{"line":151,"column":37}},{"start":{"line":151,"column":37},"end":{"line":151,"column":48}}]},"21":{"loc":{"start":{"line":154,"column":9},"end":{"line":157,"column":null}},"type":"if","locations":[{"start":{"line":154,"column":9},"end":{"line":157,"column":null}},{"start":{"line":154,"column":9},"end":{"line":157,"column":null}}]},"22":{"loc":{"start":{"line":154,"column":13},"end":{"line":154,"column":57}},"type":"binary-expr","locations":[{"start":{"line":154,"column":13},"end":{"line":154,"column":57}},{"start":{"line":154,"column":57},"end":{"line":154,"column":68}}]},"23":{"loc":{"start":{"line":158,"column":2},"end":{"line":164,"column":null}},"type":"if","locations":[{"start":{"line":158,"column":2},"end":{"line":164,"column":null}},{"start":{"line":158,"column":2},"end":{"line":164,"column":null}}]},"24":{"loc":{"start":{"line":160,"column":4},"end":{"line":162,"column":null}},"type":"if","locations":[{"start":{"line":160,"column":4},"end":{"line":162,"column":null}},{"start":{"line":160,"column":4},"end":{"line":162,"column":null}}]},"25":{"loc":{"start":{"line":168,"column":2},"end":{"line":173,"column":null}},"type":"if","locations":[{"start":{"line":168,"column":2},"end":{"line":173,"column":null}},{"start":{"line":168,"column":2},"end":{"line":173,"column":null}}]},"26":{"loc":{"start":{"line":175,"column":3},"end":{"line":177,"column":null}},"type":"if","locations":[{"start":{"line":175,"column":3},"end":{"line":177,"column":null}},{"start":{"line":175,"column":3},"end":{"line":177,"column":null}}]},"27":{"loc":{"start":{"line":180,"column":2},"end":{"line":182,"column":null}},"type":"if","locations":[{"start":{"line":180,"column":2},"end":{"line":182,"column":null}},{"start":{"line":180,"column":2},"end":{"line":182,"column":null}}]},"28":{"loc":{"start":{"line":212,"column":2},"end":{"line":214,"column":null}},"type":"if","locations":[{"start":{"line":212,"column":2},"end":{"line":214,"column":null}},{"start":{"line":212,"column":2},"end":{"line":214,"column":null}}]},"29":{"loc":{"start":{"line":215,"column":42},"end":{"line":215,"column":79}},"type":"cond-expr","locations":[{"start":{"line":215,"column":42},"end":{"line":215,"column":79}},{"start":{"line":215,"column":79},"end":{"line":215,"column":null}}]},"30":{"loc":{"start":{"line":215,"column":79},"end":{"line":215,"column":117}},"type":"binary-expr","locations":[{"start":{"line":215,"column":79},"end":{"line":215,"column":117}},{"start":{"line":215,"column":117},"end":{"line":215,"column":null}}]},"31":{"loc":{"start":{"line":217,"column":2},"end":{"line":219,"column":null}},"type":"if","locations":[{"start":{"line":217,"column":2},"end":{"line":219,"column":null}},{"start":{"line":217,"column":2},"end":{"line":219,"column":null}}]},"32":{"loc":{"start":{"line":225,"column":6},"end":{"line":225,"column":7}},"type":"cond-expr","locations":[{"start":{"line":225,"column":6},"end":{"line":225,"column":7}},{"start":{"line":239,"column":6},"end":{"line":239,"column":7}}]},"33":{"loc":{"start":{"line":232,"column":38},"end":{"line":232,"column":47}},"type":"cond-expr","locations":[{"start":{"line":232,"column":38},"end":{"line":232,"column":47}},{"start":{"line":232,"column":47},"end":{"line":232,"column":null}}]},"34":{"loc":{"start":{"line":233,"column":37},"end":{"line":233,"column":58}},"type":"cond-expr","locations":[{"start":{"line":233,"column":37},"end":{"line":233,"column":58}},{"start":{"line":233,"column":58},"end":{"line":233,"column":null}}]},"35":{"loc":{"start":{"line":246,"column":38},"end":{"line":246,"column":47}},"type":"cond-expr","locations":[{"start":{"line":246,"column":38},"end":{"line":246,"column":47}},{"start":{"line":246,"column":47},"end":{"line":246,"column":null}}]},"36":{"loc":{"start":{"line":247,"column":37},"end":{"line":247,"column":58}},"type":"cond-expr","locations":[{"start":{"line":247,"column":37},"end":{"line":247,"column":58}},{"start":{"line":247,"column":58},"end":{"line":247,"column":null}}]},"37":{"loc":{"start":{"line":260,"column":37},"end":{"line":260,"column":46}},"type":"cond-expr","locations":[{"start":{"line":260,"column":37},"end":{"line":260,"column":46}},{"start":{"line":260,"column":46},"end":{"line":260,"column":null}}]},"38":{"loc":{"start":{"line":261,"column":36},"end":{"line":261,"column":57}},"type":"cond-expr","locations":[{"start":{"line":261,"column":36},"end":{"line":261,"column":57}},{"start":{"line":261,"column":57},"end":{"line":261,"column":null}}]},"39":{"loc":{"start":{"line":266,"column":7},"end":{"line":266,"column":15}},"type":"binary-expr","locations":[{"start":{"line":266,"column":7},"end":{"line":266,"column":15}},{"start":{"line":266,"column":19},"end":{"line":266,"column":36}},{"start":{"line":266,"column":36},"end":{"line":266,"column":37}}]},"40":{"loc":{"start":{"line":268,"column":30},"end":{"line":268,"column":32}},"type":"cond-expr","locations":[{"start":{"line":268,"column":30},"end":{"line":268,"column":32}},{"start":{"line":268,"column":44},"end":{"line":268,"column":46}}]},"41":{"loc":{"start":{"line":269,"column":7},"end":{"line":269,"column":19}},"type":"binary-expr","locations":[{"start":{"line":269,"column":7},"end":{"line":269,"column":19}},{"start":{"line":269,"column":23},"end":{"line":269,"column":24}}]},"42":{"loc":{"start":{"line":269,"column":62},"end":{"line":269,"column":88}},"type":"cond-expr","locations":[{"start":{"line":269,"column":62},"end":{"line":269,"column":88}},{"start":{"line":269,"column":88},"end":{"line":269,"column":null}}]},"43":{"loc":{"start":{"line":270,"column":35},"end":{"line":270,"column":51}},"type":"binary-expr","locations":[{"start":{"line":270,"column":35},"end":{"line":270,"column":51}},{"start":{"line":270,"column":51},"end":{"line":270,"column":58}}]},"44":{"loc":{"start":{"line":271,"column":9},"end":{"line":271,"column":26}},"type":"binary-expr","locations":[{"start":{"line":271,"column":9},"end":{"line":271,"column":26}},{"start":{"line":271,"column":30},"end":{"line":271,"column":31}}]},"45":{"loc":{"start":{"line":274,"column":7},"end":{"line":274,"column":15}},"type":"binary-expr","locations":[{"start":{"line":274,"column":7},"end":{"line":274,"column":15}},{"start":{"line":274,"column":19},"end":{"line":274,"column":20}}]},"46":{"loc":{"start":{"line":278,"column":12},"end":{"line":278,"column":33}},"type":"cond-expr","locations":[{"start":{"line":278,"column":12},"end":{"line":278,"column":33}},{"start":{"line":279,"column":12},"end":{"line":279,"column":27}}]},"47":{"loc":{"start":{"line":278,"column":12},"end":{"line":278,"column":28}},"type":"binary-expr","locations":[{"start":{"line":278,"column":12},"end":{"line":278,"column":28}},{"start":{"line":278,"column":32},"end":{"line":278,"column":33}}]},"48":{"loc":{"start":{"line":279,"column":12},"end":{"line":279,"column":22}},"type":"binary-expr","locations":[{"start":{"line":279,"column":12},"end":{"line":279,"column":22}},{"start":{"line":279,"column":26},"end":{"line":279,"column":27}}]},"49":{"loc":{"start":{"line":283,"column":7},"end":{"line":283,"column":19}},"type":"binary-expr","locations":[{"start":{"line":283,"column":7},"end":{"line":283,"column":19}},{"start":{"line":283,"column":23},"end":{"line":283,"column":24}}]},"50":{"loc":{"start":{"line":283,"column":79},"end":{"line":283,"column":105}},"type":"cond-expr","locations":[{"start":{"line":283,"column":79},"end":{"line":283,"column":105}},{"start":{"line":283,"column":105},"end":{"line":283,"column":null}}]},"51":{"loc":{"start":{"line":284,"column":35},"end":{"line":284,"column":68}},"type":"binary-expr","locations":[{"start":{"line":284,"column":35},"end":{"line":284,"column":68}},{"start":{"line":284,"column":68},"end":{"line":284,"column":75}}]},"52":{"loc":{"start":{"line":285,"column":9},"end":{"line":285,"column":26}},"type":"binary-expr","locations":[{"start":{"line":285,"column":9},"end":{"line":285,"column":26}},{"start":{"line":285,"column":30},"end":{"line":285,"column":31}}]}},"s":{"0":1,"1":1,"2":0,"3":0,"4":0,"5":0,"6":0,"7":0,"8":0,"9":0,"10":0,"11":0,"12":0,"13":0,"14":0,"15":0,"16":0,"17":0,"18":0,"19":0,"20":0,"21":0,"22":0,"23":0,"24":0,"25":0,"26":0,"27":0,"28":0,"29":0,"30":0,"31":0,"32":0,"33":0,"34":0,"35":0,"36":0,"37":0,"38":0,"39":0,"40":0,"41":0,"42":0,"43":0,"44":0,"45":0,"46":0,"47":0,"48":0,"49":0,"50":0,"51":0,"52":0,"53":0,"54":0,"55":0,"56":0,"57":0,"58":0,"59":0,"60":0,"61":0,"62":0,"63":0,"64":0,"65":0,"66":0,"67":0,"68":0,"69":0,"70":0,"71":0,"72":0,"73":0,"74":0,"75":0,"76":0,"77":0,"78":0,"79":0,"80":0,"81":0,"82":0,"83":0,"84":0,"85":0,"86":0,"87":0,"88":0,"89":0,"90":0,"91":0,"92":0,"93":0,"94":0,"95":0,"96":0,"97":0,"98":0,"99":0,"100":0,"101":0,"102":0,"103":0,"104":0,"105":0,"106":0,"107":0,"108":0,"109":0,"110":0,"111":0,"112":0,"113":0,"114":0,"115":0,"116":0,"117":0,"118":0,"119":0,"120":0,"121":0,"122":0,"123":0,"124":1,"125":1,"126":1},"f":{"0":0,"1":0,"2":0,"3":0,"4":0,"5":0,"6":0,"7":0,"8":0,"9":0,"10":0,"11":0,"12":0,"13":0,"14":0,"15":0,"16":0,"17":0,"18":0},"b":{"0":[0,0],"1":[0,0],"2":[0,0],"3":[0,0],"4":[0,0],"5":[0,0],"6":[0,0],"7":[0,0],"8":[0,0],"9":[0,0],"10":[0,0],"11":[0,0],"12":[0,0],"13":[0,0],"14":[0,0],"15":[0,0],"16":[0,0],"17":[0,0],"18":[0,0],"19":[0,0],"20":[0,0],"21":[0,0],"22":[0,0],"23":[0,0],"24":[0,0],"25":[0,0],"26":[0,0],"27":[0,0],"28":[0,0],"29":[0,0],"30":[0,0],"31":[0,0],"32":[0,0],"33":[0,0],"34":[0,0],"35":[0,0],"36":[0,0],"37":[0,0],"38":[0,0],"39":[0,0,0],"40":[0,0],"41":[0,0],"42":[0,0],"43":[0,0],"44":[0,0],"45":[0,0],"46":[0,0],"47":[0,0],"48":[0,0],"49":[0,0],"50":[0,0],"51":[0,0],"52":[0,0]}}
}
