TN:
SF:/Users/muhammaddanialiqbal/Documents/blueeast/plugins-ad/plugin-native-web-swiper/src/index.tsx
FNF:0
FNH:0
DA:1,1
DA:2,1
DA:4,1
LF:3
LH:3
BRF:0
BRH:0
end_of_record
TN:
SF:/Users/muhammaddanialiqbal/Documents/blueeast/plugins-ad/plugin-native-web-swiper/src/components/plugin-native-web-swiper/index.tsx
FNF:0
FNH:0
DA:1,1
DA:2,1
LF:2
LH:2
BRF:0
BRH:0
end_of_record
TN:
SF:/Users/muhammaddanialiqbal/Documents/blueeast/plugins-ad/plugin-native-web-swiper/src/components/plugin-native-web-swiper/plugin-native-web-swiper.tsx
FN:69,Swiper
FN:108,(anonymous_2)
FN:80,onMoveShouldSetPanResponderCapture
FN:89,onPanResponderGrant
FN:93,onPanResponderRelease
FN:97,(anonymous_6)
FN:105,onPanResponderTerminationRequest
FN:112,(anonymous_9)
FN:113,(anonymous_10)
FN:124,(anonymous_13)
FN:159,(anonymous_18)
FN:174,(anonymous_19)
FN:186,(anonymous_21)
FN:237,(anonymous_23)
FN:250,(anonymous_24)
FN:264,(anonymous_25)
FN:270,onPress
FN:275,(anonymous_27)
FN:284,onPress
FNF:19
FNH:0
FNDA:0,Swiper
FNDA:0,(anonymous_2)
FNDA:0,onMoveShouldSetPanResponderCapture
FNDA:0,onPanResponderGrant
FNDA:0,onPanResponderRelease
FNDA:0,(anonymous_6)
FNDA:0,onPanResponderTerminationRequest
FNDA:0,(anonymous_9)
FNDA:0,(anonymous_10)
FNDA:0,(anonymous_13)
FNDA:0,(anonymous_18)
FNDA:0,(anonymous_19)
FNDA:0,(anonymous_21)
FNDA:0,(anonymous_23)
FNDA:0,(anonymous_24)
FNDA:0,(anonymous_25)
FNDA:0,onPress
FNDA:0,(anonymous_27)
FNDA:0,onPress
DA:1,1
DA:11,1
DA:49,1
DA:50,1
DA:69,0
DA:70,0
DA:71,0
DA:77,0
DA:78,0
DA:79,0
DA:81,0
DA:82,0
DA:84,0
DA:85,0
DA:86,0
DA:89,0
DA:94,0
DA:95,0
DA:96,0
DA:97,0
DA:98,0
DA:99,0
DA:103,0
DA:105,0
DA:108,0
DA:109,0
DA:111,0
DA:112,0
DA:113,0
DA:114,0
DA:117,0
DA:118,0
DA:119,0
DA:121,0
DA:122,0
DA:123,0
DA:124,0
DA:125,0
DA:130,0
DA:131,0
DA:134,0
DA:135,0
DA:136,0
DA:137,0
DA:139,0
DA:142,0
DA:143,0
DA:144,0
DA:145,0
DA:147,0
DA:148,0
DA:149,0
DA:150,0
DA:151,0
DA:152,0
DA:153,0
DA:154,0
DA:155,0
DA:156,0
DA:158,0
DA:159,0
DA:160,0
DA:161,0
DA:165,0
DA:166,0
DA:167,0
DA:168,0
DA:169,0
DA:172,0
DA:174,0
DA:175,0
DA:176,0
DA:179,0
DA:180,0
DA:181,0
DA:184,0
DA:185,0
DA:186,0
DA:188,0
DA:189,0
DA:211,0
DA:212,0
DA:213,0
DA:215,0
DA:216,0
DA:217,0
DA:218,0
DA:220,0
DA:221,0
DA:237,0
DA:250,0
DA:264,0
DA:270,0
DA:275,0
DA:284,0
DA:294,1
LF:96
LH:5
BRDA:109,0,0,0
BRDA:109,0,1,0
BRDA:81,1,0,0
BRDA:81,1,1,0
BRDA:84,2,0,0
BRDA:84,2,1,0
BRDA:85,3,0,0
BRDA:85,3,1,0
BRDA:91,4,0,0
BRDA:91,4,1,0
BRDA:94,5,0,0
BRDA:94,5,1,0
BRDA:96,6,0,0
BRDA:96,6,1,0
BRDA:98,7,0,0
BRDA:98,7,1,0
BRDA:103,8,0,0
BRDA:103,8,1,0
BRDA:123,9,0,0
BRDA:123,9,1,0
BRDA:130,10,0,0
BRDA:130,10,1,0
BRDA:134,11,0,0
BRDA:134,11,1,0
BRDA:134,12,0,0
BRDA:134,12,1,0
BRDA:136,13,0,0
BRDA:136,13,1,0
BRDA:139,14,0,0
BRDA:139,14,1,0
BRDA:142,15,0,0
BRDA:142,15,1,0
BRDA:143,16,0,0
BRDA:143,16,1,0
BRDA:147,17,0,0
BRDA:147,17,1,0
BRDA:147,18,0,0
BRDA:147,18,1,0
BRDA:151,19,0,0
BRDA:151,19,1,0
BRDA:151,20,0,0
BRDA:151,20,1,0
BRDA:154,21,0,0
BRDA:154,21,1,0
BRDA:154,22,0,0
BRDA:154,22,1,0
BRDA:158,23,0,0
BRDA:158,23,1,0
BRDA:160,24,0,0
BRDA:160,24,1,0
BRDA:168,25,0,0
BRDA:168,25,1,0
BRDA:175,26,0,0
BRDA:175,26,1,0
BRDA:180,27,0,0
BRDA:180,27,1,0
BRDA:212,28,0,0
BRDA:212,28,1,0
BRDA:215,29,0,0
BRDA:215,29,1,0
BRDA:215,30,0,0
BRDA:215,30,1,0
BRDA:217,31,0,0
BRDA:217,31,1,0
BRDA:225,32,0,0
BRDA:225,32,1,0
BRDA:232,33,0,0
BRDA:232,33,1,0
BRDA:233,34,0,0
BRDA:233,34,1,0
BRDA:246,35,0,0
BRDA:246,35,1,0
BRDA:247,36,0,0
BRDA:247,36,1,0
BRDA:260,37,0,0
BRDA:260,37,1,0
BRDA:261,38,0,0
BRDA:261,38,1,0
BRDA:266,39,0,0
BRDA:266,39,1,0
BRDA:266,39,2,0
BRDA:268,40,0,0
BRDA:268,40,1,0
BRDA:269,41,0,0
BRDA:269,41,1,0
BRDA:269,42,0,0
BRDA:269,42,1,0
BRDA:270,43,0,0
BRDA:270,43,1,0
BRDA:271,44,0,0
BRDA:271,44,1,0
BRDA:274,45,0,0
BRDA:274,45,1,0
BRDA:278,46,0,0
BRDA:278,46,1,0
BRDA:278,47,0,0
BRDA:278,47,1,0
BRDA:279,48,0,0
BRDA:279,48,1,0
BRDA:283,49,0,0
BRDA:283,49,1,0
BRDA:283,50,0,0
BRDA:283,50,1,0
BRDA:284,51,0,0
BRDA:284,51,1,0
BRDA:285,52,0,0
BRDA:285,52,1,0
BRF:107
BRH:0
end_of_record
